<?xml version="1.0" encoding="UTF-8"?>
<!-- Generated by org.testng.reporters.JUnitReportReporter -->
<testsuite hostname="DESKTOP-MKTSV3B" failures="0" tests="1" name="MyRunner.TestRunner" time="3.008" errors="0" timestamp="2021-07-22T20:13:57 IST" skipped="0">
  <testcase classname="MyRunner.TestRunner" name="scenario" time="3.008"/>
  <system-out/>
</testsuite> <!-- MyRunner.TestRunner -->
